<?xml version="1.0" encoding="UTF-8"?>
<!-- Generated by org.testng.reporters.JUnitXMLReporter -->
<testsuite ignored="0" hostname="DESKTOP-A5OA6VH" failures="0" tests="3" name="Orange" time="6.087" errors="0" timestamp="2023-12-30T22:18:12 IST">
  <testcase classname="test.cases.SaucedemoValidation" name="user" time="0.226"/>
  <testcase classname="test.cases.SaucedemoValidation" name="password" time="0.206"/>
  <testcase classname="test.cases.SaucedemoValidation" name="lgnBtn" time="0.243"/>
</testsuite> <!-- Orange -->
