<?xml version="1.0" encoding="UTF-8"?>
<testng-results ignored="0" total="3" passed="3" failed="0" skipped="0">
  <reporter-output>
  </reporter-output>
  <suite started-at="2023-12-30T22:18:06 IST" name="Orange" finished-at="2023-12-30T22:18:12 IST" duration-ms="6087">
    <groups>
    </groups>
    <test started-at="2023-12-30T22:18:06 IST" name="Orange" finished-at="2023-12-30T22:18:12 IST" duration-ms="6087">
      <class name="test.cases.SaucedemoValidation">
        <test-method is-config="true" signature="setUp()[pri:0, instance:test.cases.SaucedemoValidation@41fecb8b]" started-at="2023-12-30T22:18:06 IST" name="setUp" finished-at="2023-12-30T22:18:12 IST" duration-ms="5294" status="PASS">
          <reporter-output>
          </reporter-output>
        </test-method> <!-- setUp -->
        <test-method signature="user(java.lang.String)[pri:1, instance:test.cases.SaucedemoValidation@41fecb8b]" started-at="2023-12-30T22:18:12 IST" name="user" finished-at="2023-12-30T22:18:12 IST" duration-ms="226" status="PASS">
          <params>
            <param index="0">
              <value>
                <![CDATA[standard_user]]>
              </value>
            </param>
          </params>
          <reporter-output>
          </reporter-output>
        </test-method> <!-- user -->
        <test-method is-config="true" signature="screenshotAndDeleteCookies(org.testng.ITestResult)[pri:0, instance:test.cases.SaucedemoValidation@41fecb8b]" started-at="2023-12-30T22:18:12 IST" name="screenshotAndDeleteCookies" finished-at="2023-12-30T22:18:12 IST" duration-ms="16" status="PASS">
          <params>
            <param index="0">
              <value>
                <![CDATA[[TestResult name=user status=SUCCESS method=SaucedemoValidation.user(java.lang.String)[pri:1, instance:test.cases.SaucedemoValidation@41fecb8b] output={null}]]]>
              </value>
            </param>
          </params>
          <reporter-output>
          </reporter-output>
        </test-method> <!-- screenshotAndDeleteCookies -->
        <test-method signature="password(java.lang.String)[pri:2, instance:test.cases.SaucedemoValidation@41fecb8b]" started-at="2023-12-30T22:18:12 IST" name="password" finished-at="2023-12-30T22:18:12 IST" duration-ms="206" status="PASS">
          <params>
            <param index="0">
              <value>
                <![CDATA[secret_sauce]]>
              </value>
            </param>
          </params>
          <reporter-output>
          </reporter-output>
        </test-method> <!-- password -->
        <test-method is-config="true" signature="screenshotAndDeleteCookies(org.testng.ITestResult)[pri:0, instance:test.cases.SaucedemoValidation@41fecb8b]" started-at="2023-12-30T22:18:12 IST" name="screenshotAndDeleteCookies" finished-at="2023-12-30T22:18:12 IST" duration-ms="10" status="PASS">
          <params>
            <param index="0">
              <value>
                <![CDATA[[TestResult name=password status=SUCCESS method=SaucedemoValidation.password(java.lang.String)[pri:2, instance:test.cases.SaucedemoValidation@41fecb8b] output={null}]]]>
              </value>
            </param>
          </params>
          <reporter-output>
          </reporter-output>
        </test-method> <!-- screenshotAndDeleteCookies -->
        <test-method signature="lgnBtn()[pri:3, instance:test.cases.SaucedemoValidation@41fecb8b]" started-at="2023-12-30T22:18:12 IST" name="lgnBtn" finished-at="2023-12-30T22:18:12 IST" duration-ms="243" status="PASS">
          <reporter-output>
          </reporter-output>
        </test-method> <!-- lgnBtn -->
        <test-method is-config="true" signature="screenshotAndDeleteCookies(org.testng.ITestResult)[pri:0, instance:test.cases.SaucedemoValidation@41fecb8b]" started-at="2023-12-30T22:18:12 IST" name="screenshotAndDeleteCookies" finished-at="2023-12-30T22:18:12 IST" duration-ms="32" status="PASS">
          <params>
            <param index="0">
              <value>
                <![CDATA[[TestResult name=lgnBtn status=SUCCESS method=SaucedemoValidation.lgnBtn()[pri:3, instance:test.cases.SaucedemoValidation@41fecb8b] output={null}]]]>
              </value>
            </param>
          </params>
          <reporter-output>
          </reporter-output>
        </test-method> <!-- screenshotAndDeleteCookies -->
        <test-method is-config="true" signature="suiteTearDown()[pri:0, instance:test.cases.SaucedemoValidation@41fecb8b]" started-at="2023-12-30T22:18:12 IST" name="suiteTearDown" finished-at="2023-12-30T22:18:13 IST" duration-ms="743" status="PASS">
          <reporter-output>
          </reporter-output>
        </test-method> <!-- suiteTearDown -->
      </class> <!-- test.cases.SaucedemoValidation -->
    </test> <!-- Orange -->
  </suite> <!-- Orange -->
</testng-results>
