<?xml version="1.0" encoding="UTF-8"?>
<!-- Generated by org.testng.reporters.JUnitXMLReporter -->
<testsuite ignored="0" hostname="DESKTOP-A5OA6VH" failures="0" tests="5" name="Orange" time="17.089" errors="0" timestamp="2024-01-02T12:13:39 IST">
  <testcase classname="test.cases.SaucedemoValidation" name="user" time="0.238"/>
  <testcase classname="test.cases.SaucedemoValidation" name="password" time="0.211"/>
  <testcase classname="test.cases.SaucedemoValidation" name="lgnBtn" time="0.235"/>
  <testcase classname="test.cases.SaucedemoValidation" name="testDropdownVisibility" time="10.156"/>
  <testcase classname="test.cases.SaucedemoValidation" name="selectedTheDropDownValue" time="0.196"/>
</testsuite> <!-- Orange -->
